201621124040|        数字电路|b|32|24| 8|4.000000|     xia|
201621143001|         DSP技术|x|24|16| 8|2.500000|     xia|
201621133087|        模拟电路|b|32|24| 8|4.000000|   shang|
201621112022|      计算机网络|x|24|24| 0|3.000000|     xia|
201621123032|  马克思主义原理|g|32|32| 0|3.500000|     xia|
201621133072|        就业指导|g|18|18| 0|2.000000|     xia|
201621124034|        通信原理|b|32|24| 8|4.000000|   shang|
201621130011|          英语一|g|24|24| 0|3.000000|   shang|
201621130012|          英语二|g|24|24| 0|3.000000|     xia|
201621130013|          英语三|g|24|24| 0|3.000000|   shang|
201621130014|          英语四|g|32|32| 0|3.000000|     xia|
201621137020|        数据结构|x|20|17| 3|2.500000|   shang|
201621144001|      信号与系统|b|32|29| 3|4.000000|   shang|
201621144002|    数字信号处理|b|32|32| 0|3.000000|     xia|
201621131011|      高等数学A1|b|32|32| 0|5.000000|   shang|
201621131012|      高等数学A2|b|32|32| 0|5.000000|     xia|
201621131013|        线性代数|b|30|30| 0|3.000000|   shang|
201621131014|概率论与数理统计|b|30|30| 0|4.000000|     xia|
201621155011|        电工实习|b| 4| 0| 4|1.000000|     xia|
201621155012|        金工实习|b|14| 0|14|1.000000|     xia|
201621155013|        专业实习|b|14| 0|14|1.000000|     xia|
201621143002|         EDA技术|x|24|16| 8|2.500000|   shang|
201621137023|  计算机组成原理|b|32|24| 8|3.500000|   shang|
201621137022|        操作系统|x|32|24| 8|3.500000|   shang|
201621137021|    Java程序设计|x|28|20| 8|2.500000|     xia|
